02:28:12.530 [HikariPool-13 housekeeper] - HikariPool-13 - Thread starvation or clock leap detected (housekeeper delta=4h26s667ms).
05:21:08.734 [HikariPool-13 housekeeper] - HikariPool-13 - Thread starvation or clock leap detected (housekeeper delta=2h52m56s276ms).
07:53:45.002 [HikariPool-13 housekeeper] - HikariPool-13 - Thread starvation or clock leap detected (housekeeper delta=2h32m36s263ms).
08:27:37.964 [HikariPool-13 housekeeper] - HikariPool-13 - Thread starvation or clock leap detected (housekeeper delta=33m52s968ms).
08:53:13.297 [HikariPool-13 housekeeper] - HikariPool-13 - Thread starvation or clock leap detected (housekeeper delta=25m35s333ms).
09:08:43.224 [HikariPool-13 housekeeper] - HikariPool-13 - Retrograde clock change detected (housekeeper delta=29s826ms), soft-evicting connections from pool.
11:58:24.212 [RMI TCP Connection(410)-127.0.0.1] - Application shutdown requested.
11:58:24.234 [RMI TCP Connection(410)-127.0.0.1] - Stopping service [Tomcat]
11:58:24.236 [RMI TCP Connection(410)-127.0.0.1] - Destroying Spring FrameworkServlet 'dispatcherServlet'
11:58:24.242 [RMI TCP Connection(410)-127.0.0.1] - The web application [ROOT] appears to have started a thread named [HikariPool-13 housekeeper] but has failed to stop it. This is very likely to create a memory leak. Stack trace of thread:
 java.base@17.0.7/jdk.internal.misc.Unsafe.park(Native Method)
 java.base@17.0.7/java.util.concurrent.locks.LockSupport.parkNanos(LockSupport.java:252)
 java.base@17.0.7/java.util.concurrent.locks.AbstractQueuedSynchronizer$ConditionObject.awaitNanos(AbstractQueuedSynchronizer.java:1672)
 java.base@17.0.7/java.util.concurrent.ScheduledThreadPoolExecutor$DelayedWorkQueue.take(ScheduledThreadPoolExecutor.java:1182)
 java.base@17.0.7/java.util.concurrent.ScheduledThreadPoolExecutor$DelayedWorkQueue.take(ScheduledThreadPoolExecutor.java:899)
 java.base@17.0.7/java.util.concurrent.ThreadPoolExecutor.getTask(ThreadPoolExecutor.java:1062)
 java.base@17.0.7/java.util.concurrent.ThreadPoolExecutor.runWorker(ThreadPoolExecutor.java:1122)
 java.base@17.0.7/java.util.concurrent.ThreadPoolExecutor$Worker.run(ThreadPoolExecutor.java:635)
 java.base@17.0.7/java.lang.Thread.run(Thread.java:833)
11:58:24.251 [RMI TCP Connection(410)-127.0.0.1] - Closing JPA EntityManagerFactory for persistence unit 'default'
11:58:24.257 [RMI TCP Connection(410)-127.0.0.1] - HikariPool-13 - Shutdown initiated...
11:58:24.259 [RMI TCP Connection(410)-127.0.0.1] - HikariPool-13 - Shutdown completed.
12:13:11.052 [restartedMain] - Starting GestionePrenotazioniApplication using Java 17.0.7 with PID 63225 (/Users/manu/eclipse-workspace/GestionePrenotazioni/target/classes started by manu in /Users/manu/eclipse-workspace/GestionePrenotazioni)
12:13:11.055 [restartedMain] - No active profile set, falling back to 1 default profile: "default"
12:13:11.104 [restartedMain] - Devtools property defaults active! Set 'spring.devtools.add-properties' to 'false' to disable
12:13:11.104 [restartedMain] - For additional web related logging consider setting the 'logging.level.web' property to 'DEBUG'
12:13:11.818 [restartedMain] - Bootstrapping Spring Data JPA repositories in DEFAULT mode.
12:13:11.897 [restartedMain] - Finished Spring Data repository scanning in 69 ms. Found 5 JPA repository interfaces.
12:13:12.741 [restartedMain] - Tomcat initialized with port(s): 8080 (http)
12:13:12.754 [restartedMain] - Starting service [Tomcat]
12:13:12.755 [restartedMain] - Starting Servlet engine: [Apache Tomcat/10.1.8]
12:13:12.863 [restartedMain] - Initializing Spring embedded WebApplicationContext
12:13:12.863 [restartedMain] - Root WebApplicationContext: initialization completed in 1758 ms
12:13:13.067 [restartedMain] - HHH000204: Processing PersistenceUnitInfo [name: default]
12:13:13.155 [restartedMain] - HHH000412: Hibernate ORM core version 6.2.2.Final
12:13:13.160 [restartedMain] - HHH000406: Using bytecode reflection optimizer
12:13:13.390 [restartedMain] - HHH000021: Bytecode provider name : bytebuddy
12:13:13.557 [restartedMain] - No LoadTimeWeaver setup: ignoring JPA class transformer
12:13:13.578 [restartedMain] - HikariPool-1 - Starting...
12:13:13.768 [restartedMain] - HikariPool-1 - Added connection org.postgresql.jdbc.PgConnection@13cacd9d
12:13:13.770 [restartedMain] - HikariPool-1 - Start completed.
12:13:13.838 [restartedMain] - HHH035001: Using dialect: org.hibernate.dialect.PostgreSQLDialect, version: org.hibernate.engine.jdbc.env.internal.JdbcEnvironmentInitiator$DialectResolutionInfoImpl@d1a51d5
12:13:14.099 [restartedMain] - HHH000021: Bytecode provider name : bytebuddy
12:13:14.921 [restartedMain] - HHH000490: Using JtaPlatform implementation: [org.hibernate.engine.transaction.jta.platform.internal.NoJtaPlatform]
12:13:15.056 [restartedMain] - Initialized JPA EntityManagerFactory for persistence unit 'default'
12:13:15.605 [restartedMain] - Hibernate is in classpath; If applicable, HQL parser will be used.
12:13:16.008 [restartedMain] - spring.jpa.open-in-view is enabled by default. Therefore, database queries may be performed during view rendering. Explicitly configure spring.jpa.open-in-view to disable this warning
12:13:16.318 [restartedMain] - Will secure any request with [org.springframework.security.web.session.DisableEncodeUrlFilter@678e682f, org.springframework.security.web.context.request.async.WebAsyncManagerIntegrationFilter@54ac90d2, org.springframework.security.web.context.SecurityContextHolderFilter@30664b62, org.springframework.security.web.header.HeaderWriterFilter@721e3a6d, org.springframework.web.filter.CorsFilter@3bbe3d1b, org.springframework.security.web.authentication.logout.LogoutFilter@64a473d8, com.epicode.demo.security.JwtAuthenticationFilter@65db32d5, org.springframework.security.web.savedrequest.RequestCacheAwareFilter@ce4d252, org.springframework.security.web.servletapi.SecurityContextHolderAwareRequestFilter@390d3eb9, org.springframework.security.web.authentication.AnonymousAuthenticationFilter@4c6708d4, org.springframework.security.web.session.SessionManagementFilter@20d47b1f, org.springframework.security.web.access.ExceptionTranslationFilter@33916146, org.springframework.security.web.access.intercept.AuthorizationFilter@62fa2d69]
12:13:16.483 [restartedMain] - Cannot find template location: classpath:/templates/ (please add some templates, check your Thymeleaf configuration, or set spring.thymeleaf.check-template-location=false)
12:13:16.636 [restartedMain] - LiveReload server is running on port 35729
12:13:16.676 [restartedMain] - Tomcat started on port(s): 8080 (http) with context path ''
12:13:16.688 [restartedMain] - Started GestionePrenotazioniApplication in 5.973 seconds (process running for 7.186)
12:19:42.642 [RMI TCP Connection(11)-127.0.0.1] - Application shutdown requested.
12:19:42.657 [RMI TCP Connection(11)-127.0.0.1] - Stopping service [Tomcat]
12:19:42.661 [RMI TCP Connection(11)-127.0.0.1] - The web application [ROOT] appears to have started a thread named [HikariPool-1 housekeeper] but has failed to stop it. This is very likely to create a memory leak. Stack trace of thread:
 java.base@17.0.7/jdk.internal.misc.Unsafe.park(Native Method)
 java.base@17.0.7/java.util.concurrent.locks.LockSupport.parkNanos(LockSupport.java:252)
 java.base@17.0.7/java.util.concurrent.locks.AbstractQueuedSynchronizer$ConditionObject.awaitNanos(AbstractQueuedSynchronizer.java:1672)
 java.base@17.0.7/java.util.concurrent.ScheduledThreadPoolExecutor$DelayedWorkQueue.take(ScheduledThreadPoolExecutor.java:1182)
 java.base@17.0.7/java.util.concurrent.ScheduledThreadPoolExecutor$DelayedWorkQueue.take(ScheduledThreadPoolExecutor.java:899)
 java.base@17.0.7/java.util.concurrent.ThreadPoolExecutor.getTask(ThreadPoolExecutor.java:1062)
 java.base@17.0.7/java.util.concurrent.ThreadPoolExecutor.runWorker(ThreadPoolExecutor.java:1122)
 java.base@17.0.7/java.util.concurrent.ThreadPoolExecutor$Worker.run(ThreadPoolExecutor.java:635)
 java.base@17.0.7/java.lang.Thread.run(Thread.java:833)
12:19:42.669 [RMI TCP Connection(11)-127.0.0.1] - Closing JPA EntityManagerFactory for persistence unit 'default'
12:19:42.674 [RMI TCP Connection(11)-127.0.0.1] - HikariPool-1 - Shutdown initiated...
12:19:42.678 [RMI TCP Connection(11)-127.0.0.1] - HikariPool-1 - Shutdown completed.
12:19:44.663 [restartedMain] - Starting GestionePrenotazioniApplication using Java 17.0.7 with PID 63407 (/Users/manu/eclipse-workspace/GestionePrenotazioni/target/classes started by manu in /Users/manu/eclipse-workspace/GestionePrenotazioni)
12:19:44.666 [restartedMain] - No active profile set, falling back to 1 default profile: "default"
12:19:44.714 [restartedMain] - Devtools property defaults active! Set 'spring.devtools.add-properties' to 'false' to disable
12:19:44.715 [restartedMain] - For additional web related logging consider setting the 'logging.level.web' property to 'DEBUG'
12:19:45.302 [restartedMain] - Bootstrapping Spring Data JPA repositories in DEFAULT mode.
12:19:45.368 [restartedMain] - Finished Spring Data repository scanning in 59 ms. Found 5 JPA repository interfaces.
12:19:45.968 [restartedMain] - Tomcat initialized with port(s): 8080 (http)
12:19:45.977 [restartedMain] - Starting service [Tomcat]
12:19:45.977 [restartedMain] - Starting Servlet engine: [Apache Tomcat/10.1.8]
12:19:46.041 [restartedMain] - Initializing Spring embedded WebApplicationContext
12:19:46.042 [restartedMain] - Root WebApplicationContext: initialization completed in 1327 ms
12:19:46.165 [restartedMain] - HHH000204: Processing PersistenceUnitInfo [name: default]
12:19:46.222 [restartedMain] - HHH000412: Hibernate ORM core version 6.2.2.Final
12:19:46.224 [restartedMain] - HHH000406: Using bytecode reflection optimizer
12:19:46.335 [restartedMain] - HHH000021: Bytecode provider name : bytebuddy
12:19:46.441 [restartedMain] - No LoadTimeWeaver setup: ignoring JPA class transformer
12:19:46.455 [restartedMain] - HikariPool-1 - Starting...
12:19:46.613 [restartedMain] - HikariPool-1 - Added connection org.postgresql.jdbc.PgConnection@6ce17c3
12:19:46.615 [restartedMain] - HikariPool-1 - Start completed.
12:19:46.664 [restartedMain] - HHH035001: Using dialect: org.hibernate.dialect.PostgreSQLDialect, version: org.hibernate.engine.jdbc.env.internal.JdbcEnvironmentInitiator$DialectResolutionInfoImpl@43245945
12:19:46.873 [restartedMain] - HHH000021: Bytecode provider name : bytebuddy
12:19:47.624 [restartedMain] - HHH000490: Using JtaPlatform implementation: [org.hibernate.engine.transaction.jta.platform.internal.NoJtaPlatform]
12:19:47.744 [restartedMain] - Initialized JPA EntityManagerFactory for persistence unit 'default'
12:19:48.309 [restartedMain] - Hibernate is in classpath; If applicable, HQL parser will be used.
12:19:48.748 [restartedMain] - spring.jpa.open-in-view is enabled by default. Therefore, database queries may be performed during view rendering. Explicitly configure spring.jpa.open-in-view to disable this warning
12:19:49.079 [restartedMain] - Will secure any request with [org.springframework.security.web.session.DisableEncodeUrlFilter@57d726ba, org.springframework.security.web.context.request.async.WebAsyncManagerIntegrationFilter@303ba568, org.springframework.security.web.context.SecurityContextHolderFilter@200918a2, org.springframework.security.web.header.HeaderWriterFilter@a0da7d7, org.springframework.web.filter.CorsFilter@5fcdd185, org.springframework.security.web.authentication.logout.LogoutFilter@2c1f9553, com.epicode.demo.security.JwtAuthenticationFilter@85fb103, org.springframework.security.web.savedrequest.RequestCacheAwareFilter@46fdc8a3, org.springframework.security.web.servletapi.SecurityContextHolderAwareRequestFilter@76084a3d, org.springframework.security.web.authentication.AnonymousAuthenticationFilter@53ab34e, org.springframework.security.web.session.SessionManagementFilter@5033e46d, org.springframework.security.web.access.ExceptionTranslationFilter@60f74936, org.springframework.security.web.access.intercept.AuthorizationFilter@351a522a]
12:19:49.229 [restartedMain] - Cannot find template location: classpath:/templates/ (please add some templates, check your Thymeleaf configuration, or set spring.thymeleaf.check-template-location=false)
12:19:49.384 [restartedMain] - LiveReload server is running on port 35729
12:19:49.423 [restartedMain] - Tomcat started on port(s): 8080 (http) with context path ''
12:19:49.434 [restartedMain] - Started GestionePrenotazioniApplication in 5.135 seconds (process running for 5.997)
12:21:27.579 [RMI TCP Connection(5)-127.0.0.1] - Application shutdown requested.
12:21:27.590 [RMI TCP Connection(5)-127.0.0.1] - Stopping service [Tomcat]
12:21:27.601 [RMI TCP Connection(5)-127.0.0.1] - The web application [ROOT] appears to have started a thread named [HikariPool-1 housekeeper] but has failed to stop it. This is very likely to create a memory leak. Stack trace of thread:
 java.base@17.0.7/jdk.internal.misc.Unsafe.park(Native Method)
 java.base@17.0.7/java.util.concurrent.locks.LockSupport.parkNanos(LockSupport.java:252)
 java.base@17.0.7/java.util.concurrent.locks.AbstractQueuedSynchronizer$ConditionObject.awaitNanos(AbstractQueuedSynchronizer.java:1672)
 java.base@17.0.7/java.util.concurrent.ScheduledThreadPoolExecutor$DelayedWorkQueue.take(ScheduledThreadPoolExecutor.java:1182)
 java.base@17.0.7/java.util.concurrent.ScheduledThreadPoolExecutor$DelayedWorkQueue.take(ScheduledThreadPoolExecutor.java:899)
 java.base@17.0.7/java.util.concurrent.ThreadPoolExecutor.getTask(ThreadPoolExecutor.java:1062)
 java.base@17.0.7/java.util.concurrent.ThreadPoolExecutor.runWorker(ThreadPoolExecutor.java:1122)
 java.base@17.0.7/java.util.concurrent.ThreadPoolExecutor$Worker.run(ThreadPoolExecutor.java:635)
 java.base@17.0.7/java.lang.Thread.run(Thread.java:833)
12:21:27.609 [RMI TCP Connection(5)-127.0.0.1] - Closing JPA EntityManagerFactory for persistence unit 'default'
12:21:27.615 [RMI TCP Connection(5)-127.0.0.1] - HikariPool-1 - Shutdown initiated...
12:21:27.618 [RMI TCP Connection(5)-127.0.0.1] - HikariPool-1 - Shutdown completed.
